<?xml version="1.0" encoding="UTF-8"?>
<!-- Generated by org.testng.reporters.JUnitXMLReporter -->
<testsuite ignored="0" hostname="Preeti_Keshri" failures="0" tests="3" name="Submit Order Test" time="15.964" errors="0" timestamp="2025-03-11T20:51:41 IST">
  <testcase classname="ShettyOrganizations.F3SubmitOrderTest" name="submitOrder" time="4.573"/>
  <testcase classname="ShettyOrganizations.F3SubmitOrderTest" name="submitOrder" time="4.512"/>
  <testcase classname="ShettyOrganizations.F3SubmitOrderTest" name="orderHistoryTest" time="0.561"/>
</testsuite> <!-- Submit Order Test -->
