<?xml version="1.0" encoding="UTF-8"?>
<!-- Generated by org.testng.reporters.JUnitXMLReporter -->
<testsuite ignored="0" hostname="Preeti_Keshri" failures="0" tests="2" name="Error Validaton Test" time="21.556" errors="0" timestamp="2025-03-12T22:54:55 IST">
  <testcase classname="ShettyOrganizations.F7ErrorValidationTest" name="loginErrorValidation" time="0.275"/>
  <testcase classname="ShettyOrganizations.F7ErrorValidationTest" name="productErrorValidation" time="15.134"/>
</testsuite> <!-- Error Validaton Test -->
